# JRE version: Java(TM) SE Runtime Environment (11.0.2+9) (build 11.0.2+9-LTS)
# Java VM: Java HotSpot(TM) 64-Bit Server VM (11.0.2+9-LTS, mixed mode, tiered, compressed oops, g1 gc, windows-amd64)
Heap:
 garbage-first heap   total 792576K, used 187050K [0x0000000700000000, 0x0000000800000000)
  region size 1024K, 0 young (0K), 0 survivors (0K)
 Metaspace       used 4422K, capacity 4536K, committed 4864K, reserved 1056768K
  class space    used 395K, capacity 428K, committed 512K, reserved 1048576K
GC Heap History (10 events):
Event: 242.830 GC heap before
{Heap before GC invocations=35 (full 0):
 garbage-first heap   total 334848K, used 150186K [0x0000000700000000, 0x0000000800000000)
  region size 1024K, 25 young (25600K), 0 survivors (0K)
 Metaspace       used 4422K, capacity 4536K, committed 4864K, reserved 1056768K
  class space    used 395K, capacity 428K, committed 512K, reserved 1048576K
}
Event: 242.831 GC heap after
{Heap after GC invocations=36 (full 0):
 garbage-first heap   total 334848K, used 125610K [0x0000000700000000, 0x0000000800000000)
  region size 1024K, 0 young (0K), 0 survivors (0K)
 Metaspace       used 4422K, capacity 4536K, committed 4864K, reserved 1056768K
  class space    used 395K, capacity 428K, committed 512K, reserved 1048576K
}
Event: 272.040 GC heap before
{Heap before GC invocations=37 (full 0):
 garbage-first heap   total 518144K, used 482986K [0x0000000700000000, 0x0000000800000000)
  region size 1024K, 170 young (174080K), 0 survivors (0K)
 Metaspace       used 4422K, capacity 4536K, committed 4864K, reserved 1056768K
  class space    used 395K, capacity 428K, committed 512K, reserved 1048576K
}
Event: 272.041 GC heap after
{Heap after GC invocations=38 (full 0):
 garbage-first heap   total 518144K, used 308906K [0x0000000700000000, 0x0000000800000000)
  region size 1024K, 0 young (0K), 0 survivors (0K)
 Metaspace       used 4422K, capacity 4536K, committed 4864K, reserved 1056768K
  class space    used 395K, capacity 428K, committed 512K, reserved 1048576K
}
Event: 296.648 GC heap before
{Heap before GC invocations=38 (full 0):
 garbage-first heap   total 518144K, used 464554K [0x0000000700000000, 0x0000000800000000)
  region size 1024K, 152 young (155648K), 0 survivors (0K)
 Metaspace       used 4422K, capacity 4536K, committed 4864K, reserved 1056768K
  class space    used 395K, capacity 428K, committed 512K, reserved 1048576K
}
Event: 296.649 GC heap after
{Heap after GC invocations=39 (full 0):
 garbage-first heap   total 518144K, used 308906K [0x0000000700000000, 0x0000000800000000)
  region size 1024K, 0 young (0K), 0 survivors (0K)
 Metaspace       used 4422K, capacity 4536K, committed 4864K, reserved 1056768K
  class space    used 395K, capacity 428K, committed 512K, reserved 1048576K
}
Event: 321.510 GC heap before
{Heap before GC invocations=40 (full 0):
 garbage-first heap   total 518144K, used 342698K [0x0000000700000000, 0x0000000800000000)
  region size 1024K, 152 young (155648K), 0 survivors (0K)
 Metaspace       used 4422K, capacity 4536K, committed 4864K, reserved 1056768K
  class space    used 395K, capacity 428K, committed 512K, reserved 1048576K
}
Event: 321.510 GC heap after
{Heap after GC invocations=41 (full 0):
 garbage-first heap   total 518144K, used 187050K [0x0000000700000000, 0x0000000800000000)
  region size 1024K, 0 young (0K), 0 survivors (0K)
 Metaspace       used 4422K, capacity 4536K, committed 4864K, reserved 1056768K
  class space    used 395K, capacity 428K, committed 512K, reserved 1048576K
}
Event: 362.644 GC heap before
{Heap before GC invocations=41 (full 0):
 garbage-first heap   total 518144K, used 432810K [0x0000000700000000, 0x0000000800000000)
  region size 1024K, 241 young (246784K), 0 survivors (0K)
 Metaspace       used 4422K, capacity 4536K, committed 4864K, reserved 1056768K
  class space    used 395K, capacity 428K, committed 512K, reserved 1048576K
}
Event: 362.645 GC heap after
{Heap after GC invocations=42 (full 0):
 garbage-first heap   total 518144K, used 187050K [0x0000000700000000, 0x0000000800000000)
  region size 1024K, 0 young (0K), 0 survivors (0K)
 Metaspace       used 4422K, capacity 4536K, committed 4864K, reserved 1056768K
  class space    used 395K, capacity 428K, committed 512K, reserved 1048576K
}

