# JRE version: Java(TM) SE Runtime Environment (11.0.2+9) (build 11.0.2+9-LTS)
# Java VM: Java HotSpot(TM) 64-Bit Server VM (11.0.2+9-LTS, mixed mode, tiered, compressed oops, g1 gc, windows-amd64)
Heap:
 garbage-first heap   total 506880K, used 125613K [0x0000000700000000, 0x0000000800000000)
  region size 1024K, 0 young (0K), 0 survivors (0K)
 Metaspace       used 4424K, capacity 4536K, committed 4864K, reserved 1056768K
  class space    used 395K, capacity 428K, committed 512K, reserved 1048576K
GC Heap History (10 events):
Event: 484.418 GC heap before
{Heap before GC invocations=24 (full 0):
 garbage-first heap   total 323584K, used 301741K [0x0000000700000000, 0x0000000800000000)
  region size 1024K, 92 young (94208K), 0 survivors (0K)
 Metaspace       used 4424K, capacity 4536K, committed 4864K, reserved 1056768K
  class space    used 395K, capacity 428K, committed 512K, reserved 1048576K
}
Event: 484.450 GC heap after
{Heap after GC invocations=25 (full 0):
 garbage-first heap   total 323584K, used 207533K [0x0000000700000000, 0x0000000800000000)
  region size 1024K, 0 young (0K), 0 survivors (0K)
 Metaspace       used 4424K, capacity 4536K, committed 4864K, reserved 1056768K
  class space    used 395K, capacity 428K, committed 512K, reserved 1048576K
}
Event: 517.268 GC heap before
{Heap before GC invocations=25 (full 0):
 garbage-first heap   total 323584K, used 289453K [0x0000000700000000, 0x0000000800000000)
  region size 1024K, 80 young (81920K), 0 survivors (0K)
 Metaspace       used 4424K, capacity 4536K, committed 4864K, reserved 1056768K
  class space    used 395K, capacity 428K, committed 512K, reserved 1048576K
}
Event: 517.270 GC heap after
{Heap after GC invocations=26 (full 0):
 garbage-first heap   total 323584K, used 207533K [0x0000000700000000, 0x0000000800000000)
  region size 1024K, 0 young (0K), 0 survivors (0K)
 Metaspace       used 4424K, capacity 4536K, committed 4864K, reserved 1056768K
  class space    used 395K, capacity 428K, committed 512K, reserved 1048576K
}
Event: 551.122 GC heap before
{Heap before GC invocations=27 (full 0):
 garbage-first heap   total 323584K, used 207533K [0x0000000700000000, 0x0000000800000000)
  region size 1024K, 80 young (81920K), 0 survivors (0K)
 Metaspace       used 4424K, capacity 4536K, committed 4864K, reserved 1056768K
  class space    used 395K, capacity 428K, committed 512K, reserved 1048576K
}
Event: 551.123 GC heap after
{Heap after GC invocations=28 (full 0):
 garbage-first heap   total 323584K, used 125613K [0x0000000700000000, 0x0000000800000000)
  region size 1024K, 0 young (0K), 0 survivors (0K)
 Metaspace       used 4424K, capacity 4536K, committed 4864K, reserved 1056768K
  class space    used 395K, capacity 428K, committed 512K, reserved 1048576K
}
Event: 615.806 GC heap before
{Heap before GC invocations=28 (full 0):
 garbage-first heap   total 323584K, used 289453K [0x0000000700000000, 0x0000000800000000)
  region size 1024K, 160 young (163840K), 0 survivors (0K)
 Metaspace       used 4424K, capacity 4536K, committed 4864K, reserved 1056768K
  class space    used 395K, capacity 428K, committed 512K, reserved 1048576K
}
Event: 615.807 GC heap after
{Heap after GC invocations=29 (full 0):
 garbage-first heap   total 323584K, used 125613K [0x0000000700000000, 0x0000000800000000)
  region size 1024K, 0 young (0K), 0 survivors (0K)
 Metaspace       used 4424K, capacity 4536K, committed 4864K, reserved 1056768K
  class space    used 395K, capacity 428K, committed 512K, reserved 1048576K
}
Event: 643.168 GC heap before
{Heap before GC invocations=29 (full 0):
 garbage-first heap   total 323584K, used 191149K [0x0000000700000000, 0x0000000800000000)
  region size 1024K, 65 young (66560K), 0 survivors (0K)
 Metaspace       used 4424K, capacity 4536K, committed 4864K, reserved 1056768K
  class space    used 395K, capacity 428K, committed 512K, reserved 1048576K
}
Event: 643.171 GC heap after
{Heap after GC invocations=30 (full 0):
 garbage-first heap   total 323584K, used 125613K [0x0000000700000000, 0x0000000800000000)
  region size 1024K, 0 young (0K), 0 survivors (0K)
 Metaspace       used 4424K, capacity 4536K, committed 4864K, reserved 1056768K
  class space    used 395K, capacity 428K, committed 512K, reserved 1048576K
}

